<?xml version="1.0" encoding="UTF-8"?>
<!-- Generated by org.testng.reporters.JUnitReportReporter -->
<testsuite hostname="LE15-PPR3-IND" failures="0" tests="1" name="getting_started.Demo1" time="2.115" errors="0" timestamp="22 Mar 2021 20:09:05 GMT" skipped="0">
  <testcase classname="getting_started.Demo1" name="getResValidation" time="2.115"/>
</testsuite> <!-- getting_started.Demo1 -->
