<?xml version="1.0" encoding="UTF-8"?>
<!-- Generated by org.testng.reporters.JUnitReportReporter -->
<testsuite hostname="LE15-PPR3-IND" failures="0" tests="1" name="Post_Put_Delete.Post_content_validation" time="4.772" errors="0" timestamp="05 Apr 2021 21:11:29 GMT" skipped="0">
  <testcase classname="Post_Put_Delete.Post_content_validation" name="post_request" time="4.772"/>
</testsuite> <!-- Post_Put_Delete.Post_content_validation -->
