<?xml version="1.0" encoding="UTF-8"?>
<!-- Generated by org.testng.reporters.JUnitReportReporter -->
<testsuite hostname="LE15-PPR3-IND" failures="0" tests="1" name="Post_Put_Delete.Post_Put_Delete" time="2.417" errors="0" timestamp="15 Mar 2021 17:28:08 GMT" skipped="0">
  <testcase classname="Post_Put_Delete.Post_Put_Delete" name="post_request" time="2.417"/>
</testsuite> <!-- Post_Put_Delete.Post_Put_Delete -->
