<?xml version="1.0" encoding="UTF-8"?>
<!-- Generated by org.testng.reporters.JUnitReportReporter -->
<testsuite hostname="LE15-PPR3-IND" failures="0" tests="1" name="getting_started.NewTest1" time="2.217" errors="0" timestamp="13 Mar 2021 14:15:41 GMT" skipped="0">
  <testcase classname="getting_started.NewTest1" name="firstGetRequest" time="2.217"/>
</testsuite> <!-- getting_started.NewTest1 -->
