<?xml version="1.0" encoding="UTF-8"?>
<!-- Generated by org.testng.reporters.JUnitReportReporter -->
<testsuite hostname="LE15-PPR3-IND" failures="0" tests="1" name="getting_started.Demo3" time="3.830" errors="0" timestamp="23 Mar 2021 17:54:50 GMT" skipped="0">
  <testcase classname="getting_started.Demo3" name="getCountries" time="3.830"/>
</testsuite> <!-- getting_started.Demo3 -->
