<?xml version="1.0" encoding="UTF-8"?>
<!-- Generated by org.testng.reporters.JUnitReportReporter -->
<testsuite hostname="LE15-PPR3-IND" failures="0" tests="1" name="getting_started.NewTest1" time="2.687" errors="0" timestamp="14 Mar 2021 11:08:56 GMT" skipped="0">
  <testcase classname="getting_started.NewTest1" name="firstJsonResponse" time="2.687"/>
</testsuite> <!-- getting_started.NewTest1 -->
